<?xml version="1.0" encoding="UTF-8" ?>
<testsuite errors="0" failures="0" hostname="pawel" name="pl.burningice.plugins.image.ast.TestTransformationTests"
           tests="1" time="0.971" timestamp="2010-01-27T22:06:00">
    <properties/>
    <testcase classname="pl.burningice.plugins.image.ast.TestTransformationTests" name="testSomething" time="0.938"/>
    <system-out><![CDATA[--Output from testSomething--
]]></system-out>
    <system-err><![CDATA[--Output from testSomething--
]]></system-err>
</testsuite>
